(0000) 0100  0000000100000000 (   1)                 .ORIG x0100
(0100) A015  1010000000010101 (   4)                 LDI   R0 KBDR
(0101) 220F  0010001000001111 (   5)                 LD    R1 CapA
(0102) 1201  0001001000000001 (   6)                 ADD   R1 R0 R1
(0103) 040A  0000010000001010 (   7)                 BRZ   Solid
(0104) 220D  0010001000001101 (   8)                 LD    R1 CapC
(0105) 1201  0001001000000001 (   9)                 ADD   R1 R0 R1
(0106) 0407  0000010000000111 (  10)                 BRZ   Solid
(0107) 220B  0010001000001011 (  11)                 LD    R1 CapG
(0108) 1201  0001001000000001 (  12)                 ADD   R1 R0 R1
(0109) 0404  0000010000000100 (  13)                 BRZ   Solid
(010A) 2209  0010001000001001 (  14)                 LD    R1 CapT
(010B) 1201  0001001000000001 (  15)                 ADD   R1 R0 R1
(010C) 0401  0000010000000001 (  16)                 BRZ   Solid
(010D) 0E01  0000111000000001 (  17)                 BRNZP Liquid
(010E) B006  1011000000000110 (  19) Solid           STI   R0 Get
(010F) 8000  1000000000000000 (  20) Liquid          RTI   
(0110) F025  1111000000100101 (  21)                 TRAP  x25
(0111) FFBF  1111111110111111 (  25) CapA            .FILL xFFBF
(0112) FFBD  1111111110111101 (  26) CapC            .FILL xFFBD
(0113) FFB9  1111111110111001 (  27) CapG            .FILL xFFB9
(0114) FFAC  1111111110101100 (  28) CapT            .FILL xFFAC
(0115) 4100  0100000100000000 (  29) Get             .FILL x4100
(0116) FE02  1111111000000010 (  30) KBDR            .FILL xFE02
(0117) FE06  1111111000000110 (  31) DDR             .FILL xFE06
