(0000) 3000  0011000000000000 (  13)                 .ORIG x3000
(3000) 56E0  0101011011100000 (  14)                 AND   R3 R3 #0
(3001) B64C  1011011001001100 (  15)                 STI   R3 Typed
(3002) 2246  0010001001000110 (  16)                 LD    R1 KBIEN
(3003) B246  1011001001000110 (  17)                 STI   R1 KBSR
(3004) 2247  0010001001000111 (  18)                 LD    R1 KBISR
(3005) B245  1011001001000101 (  19)                 STI   R1 KBIVE
(3006) 2C46  0010110001000110 (  20)                 LD    R6 SBase
(3007) A046  1010000001000110 (  21) Alpha           LDI   R0 Typed
(3008) 05FE  0000010111111110 (  22)                 BRZ   Alpha
(3009) 223E  0010001000111110 (  23)                 LD    R1 CapT
(300A) 1201  0001001000000001 (  24)                 ADD   R1 R0 R1
(300B) 0408  0000010000001000 (  25)                 BRZ   PostT
(300C) F021  1111000000100001 (  26)                 TRAP  x21
(300D) 2241  0010001001000001 (  30)                 LD    R1 COUNT
(300E) 127F  0001001001111111 (  31) DELAY           ADD   R1 R1 #-1
(300F) 03FE  0000001111111110 (  32)                 BRP   DELAY
(3010) A03D  1010000000111101 (  33)                 LDI   R0 Typed
(3011) 5020  0101000000100000 (  34)                 AND   R0 R0 #0
(3012) B03B  1011000000111011 (  35)                 STI   R0 Typed
(3013) 0FF3  0000111111110011 (  36)                 BRNZP Alpha
(3014) F021  1111000000100001 (  40) PostT           TRAP  x21
(3015) 2239  0010001000111001 (  41)                 LD    R1 COUNT
(3016) 127F  0001001001111111 (  42) DelayA          ADD   R1 R1 #-1
(3017) 03FE  0000001111111110 (  43)                 BRP   DelayA
(3018) A035  1010000000110101 (  44)                 LDI   R0 Typed
(3019) 5020  0101000000100000 (  45)                 AND   R0 R0 #0
(301A) B033  1011000000110011 (  46)                 STI   R0 Typed
(301B) 4824  0100100000100100 (  47)                 JSR   READ
(301C) 2228  0010001000101000 (  48)                 LD    R1 CapA
(301D) 1201  0001001000000001 (  49)                 ADD   R1 R0 R1
(301E) 0404  0000010000000100 (  50)                 BRZ   PostTA
(301F) 2227  0010001000100111 (  51)                 LD    R1 CapG
(3020) 1201  0001001000000001 (  52)                 ADD   R1 R0 R1
(3021) 0411  0000010000010001 (  53)                 BRZ   PostTG
(3022) 0FE4  0000111111100100 (  54)                 BRNZP Alpha
(3023) F021  1111000000100001 (  58) PostTA          TRAP  x21
(3024) 222A  0010001000101010 (  59)                 LD    R1 COUNT
(3025) 127F  0001001001111111 (  60) DelayTA         ADD   R1 R1 #-1
(3026) 03FE  0000001111111110 (  61)                 BRP   DelayTA
(3027) A026  1010000000100110 (  62)                 LDI   R0 Typed
(3028) 5020  0101000000100000 (  63)                 AND   R0 R0 #0
(3029) B024  1011000000100100 (  64)                 STI   R0 Typed
(302A) 4815  0100100000010101 (  65)                 JSR   READ
(302B) 05F7  0000010111110111 (  66)                 BRZ   PostTA
(302C) 2218  0010001000011000 (  67)                 LD    R1 CapA
(302D) 1201  0001001000000001 (  68)                 ADD   R1 R0 R1
(302E) 0414  0000010000010100 (  69)                 BRZ   Omega
(302F) 2217  0010001000010111 (  70)                 LD    R1 CapG
(3030) 1201  0001001000000001 (  71)                 ADD   R1 R0 R1
(3031) 0411  0000010000010001 (  72)                 BRZ   Omega
(3032) 0FD4  0000111111010100 (  73)                 BRNZP Alpha
(3033) F021  1111000000100001 (  77) PostTG          TRAP  x21
(3034) 221A  0010001000011010 (  78)                 LD    R1 COUNT
(3035) 127F  0001001001111111 (  79) DelayTG         ADD   R1 R1 #-1
(3036) 03FE  0000001111111110 (  80)                 BRP   DelayTG
(3037) A016  1010000000010110 (  81)                 LDI   R0 Typed
(3038) 5020  0101000000100000 (  82)                 AND   R0 R0 #0
(3039) B014  1011000000010100 (  83)                 STI   R0 Typed
(303A) 4805  0100100000000101 (  84)                 JSR   READ
(303B) 05F7  0000010111110111 (  85)                 BRZ   PostTG
(303C) 2208  0010001000001000 (  86)                 LD    R1 CapA
(303D) 1240  0001001001000000 (  87)                 ADD   R1 R1 R0
(303E) 0404  0000010000000100 (  88)                 BRZ   Omega
(303F) 0FC7  0000111111000111 (  89)                 BRNZP Alpha
(3040) A00D  1010000000001101 (  95) READ            LDI   R0 Typed
(3041) 05FE  0000010111111110 (  96)                 BRZ   READ
(3042) C1C0  1100000111000000 (  97)                 RET   
(3043) F021  1111000000100001 (  99) Omega           TRAP  x21
(3044) F025  1111000000100101 ( 100)                 TRAP  x25
(3045) FFBF  1111111110111111 ( 104) CapA            .FILL xFFBF
(3046) FFBD  1111111110111101 ( 105) CapC            .FILL xFFBD
(3047) FFB9  1111111110111001 ( 106) CapG            .FILL xFFB9
(3048) FFAC  1111111110101100 ( 107) CapT            .FILL xFFAC
(3049) 4000  0100000000000000 ( 108) KBIEN           .FILL x4000
(304A) FE00  1111111000000000 ( 109) KBSR            .FILL xFE00
(304B) 0180  0000000110000000 ( 110) KBIVE           .FILL x0180
(304C) 0100  0000000100000000 ( 111) KBISR           .FILL x0100
(304D) 3000  0011000000000000 ( 112) SBase           .FILL x3000
(304E) 4100  0100000100000000 ( 113) Typed           .FILL x4100
(304F) 0BB8  0000101110111000 ( 114) COUNT           .FILL x0BB8
