(0000) 3000  0011000000000000 (   1)                 .ORIG x3000
(3000) 200F  0010000000001111 (   2)                 LD    R0 N
(3001) 5920  0101100100100000 (   3)                 AND   R4 R4 #0
(3002) 4812  0100100000010010 (   4) Again           JSR   Div10
(3003) 300D  0011000000001101 (   5)                 ST    R0 QUOT
(3004) 1060  0001000001100000 (   6)                 ADD   R0 R1 #0
(3005) 4819  0100100000011001 (   7)                 JSR   PUSH
(3006) 1921  0001100100100001 (   8)                 ADD   R4 R4 #1
(3007) 2009  0010000000001001 (   9)                 LD    R0 QUOT
(3008) 03F9  0000001111111001 (  10)                 BRP   Again
(3009) 2408  0010010000001000 (  12)                 LD    R2 ASCII
(300A) 4840  0100100001000000 (  13) More            JSR   POP
(300B) 1002  0001000000000010 (  14)                 ADD   R0 R0 R2
(300C) F021  1111000000100001 (  15)                 TRAP  x21
(300D) 193F  0001100100111111 (  16)                 ADD   R4 R4 #-1
(300E) 03FB  0000001111111011 (  17)                 BRP   More
(300F) F025  1111000000100101 (  19)                 TRAP  x25
(3010) 002D  0000000000101101 (  20) N               .FILL x002D
(3011) 0000  0000000000000000 (  22) QUOT            .FILL x0000
(3012) 0030  0000000000110000 (  22) ASCII           .FILL x0030
(3013) 3000  0011000000000000 (  23) StkBase         .FILL x3000
(3014) 2FFB  0010111111111011 (  24) StkMin          .FILL x2FFB
(3015) 5260  0101001001100000 (  31) Div10           AND   R1 R1 #0
(3016) 54A0  0101010010100000 (  32)                 AND   R2 R2 #0
(3017) 1636  0001011000110110 (  33) DLoop           ADD   R3 R0 #-10
(3018) 0803  0000100000000011 (  34)                 BRN   DDone
(3019) 14A1  0001010010100001 (  35)                 ADD   R2 R2 #1
(301A) 1036  0001000000110110 (  36)                 ADD   R0 R0 #-10
(301B) 0FFB  0000111111111011 (  37)                 BRNZP DLoop
(301C) 1220  0001001000100000 (  40) DDone           ADD   R1 R0 #0
(301D) 10A0  0001000010100000 (  41)                 ADD   R0 R2 #0
(301E) C1C0  1100000111000000 (  42)                 RET   
(301F) 3214  0011001000010100 (  48) PUSH            ST    R1 Save1
(3020) E3F3  1110001111110011 (  49)                 LEA   R1 StkMin
(3021) 927F  1001001001111111 (  50)                 NOT   R1 R1
(3022) 1261  0001001001100001 (  51)                 ADD   R1 R1 #1
(3023) 1246  0001001001000110 (  52)                 ADD   R1 R1 R6
(3024) 0403  0000010000000011 (  53)                 BRZ   Overflow
(3025) 1DBF  0001110110111111 (  54)                 ADD   R6 R6 #-1
(3026) 7180  0111000110000000 (  55)                 STR   R0 R6 #0
(3027) 0E08  0000111000001000 (  56)                 BRNZP Success_exit
(3028) 3E0A  0011111000001010 (  57) Overflow        ST    R7 Save
(3029) E00B  1110000000001011 (  58)                 LEA   R0 OverflowMsg
(302A) F022  1111000000100010 (  59)                 TRAP  x22
(302B) 2E07  0010111000000111 (  60)                 LD    R7 Save
(302C) 2207  0010001000000111 (  61)                 LD    R1 Save1
(302D) 5B60  0101101101100000 (  62)                 AND   R5 R5 #0
(302E) 1B61  0001101101100001 (  63)                 ADD   R5 R5 #1
(302F) C1C0  1100000111000000 (  64)                 RET   
(3030) 2203  0010001000000011 (  65) Success_exit    LD    R1 Save1
(3031) 5B60  0101101101100000 (  66)                 AND   R5 R5 #0
(3032) C1C0  1100000111000000 (  67)                 RET   
(3033) 0000  0000000000000000 (  69) Save            .FILL x0000
(3034) 0000  0000000000000000 (  70) Save1           .FILL x0000
(3035) 0045  0000000001000101 (  70) OverflowMsg     .FILL x0045
(3036) 0072  0000000001110010 (  70)                 .FILL x0072
(3037) 0072  0000000001110010 (  70)                 .FILL x0072
(3038) 006F  0000000001101111 (  70)                 .FILL x006F
(3039) 0072  0000000001110010 (  70)                 .FILL x0072
(303A) 003A  0000000000111010 (  70)                 .FILL x003A
(303B) 0020  0000000000100000 (  70)                 .FILL x0020
(303C) 0053  0000000001010011 (  70)                 .FILL x0053
(303D) 0074  0000000001110100 (  70)                 .FILL x0074
(303E) 0061  0000000001100001 (  70)                 .FILL x0061
(303F) 0063  0000000001100011 (  70)                 .FILL x0063
(3040) 006B  0000000001101011 (  70)                 .FILL x006B
(3041) 0020  0000000000100000 (  70)                 .FILL x0020
(3042) 0069  0000000001101001 (  70)                 .FILL x0069
(3043) 0073  0000000001110011 (  70)                 .FILL x0073
(3044) 0020  0000000000100000 (  70)                 .FILL x0020
(3045) 0046  0000000001000110 (  70)                 .FILL x0046
(3046) 0075  0000000001110101 (  70)                 .FILL x0075
(3047) 006C  0000000001101100 (  70)                 .FILL x006C
(3048) 006C  0000000001101100 (  70)                 .FILL x006C
(3049) 002E  0000000000101110 (  70)                 .FILL x002E
(304A) 0000  0000000000000000 (  70)                 .FILL x0000
(304B) E1C7  1110000111000111 (  75) POP             LEA   R0 StkBase
(304C) 903F  1001000000111111 (  76)                 NOT   R0 R0
(304D) 1021  0001000000100001 (  77)                 ADD   R0 R0 #1
(304E) 1006  0001000000000110 (  78)                 ADD   R0 R0 R6
(304F) 0404  0000010000000100 (  79)                 BRZ   Underflow
(3050) 6180  0110000110000000 (  80)                 LDR   R0 R6 #0
(3051) 1DA1  0001110110100001 (  81)                 ADD   R6 R6 #1
(3052) 5B60  0101101101100000 (  82)                 AND   R5 R5 #0
(3053) C1C0  1100000111000000 (  83)                 RET   
(3054) 3E06  0011111000000110 (  84) Underflow       ST    R7 SaveP
(3055) E006  1110000000000110 (  85)                 LEA   R0 UnderflowMsg
(3056) F022  1111000000100010 (  86)                 TRAP  x22
(3057) 2E03  0010111000000011 (  87)                 LD    R7 SaveP
(3058) 5B60  0101101101100000 (  88)                 AND   R5 R5 #0
(3059) 1B61  0001101101100001 (  89)                 ADD   R5 R5 #1
(305A) C1C0  1100000111000000 (  90)                 RET   
(305B) 0000  0000000000000000 (  91) SaveP           .FILL x0000
(305C) 000A  0000000000001010 (  92) UnderflowMsg    .FILL x000A
(305D) 0045  0000000001000101 (  93)                 .FILL x0045
(305E) 0072  0000000001110010 (  93)                 .FILL x0072
(305F) 0072  0000000001110010 (  93)                 .FILL x0072
(3060) 006F  0000000001101111 (  93)                 .FILL x006F
(3061) 0072  0000000001110010 (  93)                 .FILL x0072
(3062) 003A  0000000000111010 (  93)                 .FILL x003A
(3063) 0020  0000000000100000 (  93)                 .FILL x0020
(3064) 0054  0000000001010100 (  93)                 .FILL x0054
(3065) 006F  0000000001101111 (  93)                 .FILL x006F
(3066) 006F  0000000001101111 (  93)                 .FILL x006F
(3067) 0020  0000000000100000 (  93)                 .FILL x0020
(3068) 0046  0000000001000110 (  93)                 .FILL x0046
(3069) 0065  0000000001100101 (  93)                 .FILL x0065
(306A) 0077  0000000001110111 (  93)                 .FILL x0077
(306B) 0020  0000000000100000 (  93)                 .FILL x0020
(306C) 0056  0000000001010110 (  93)                 .FILL x0056
(306D) 0061  0000000001100001 (  93)                 .FILL x0061
(306E) 006C  0000000001101100 (  93)                 .FILL x006C
(306F) 0075  0000000001110101 (  93)                 .FILL x0075
(3070) 0065  0000000001100101 (  93)                 .FILL x0065
(3071) 0073  0000000001110011 (  93)                 .FILL x0073
(3072) 0020  0000000000100000 (  93)                 .FILL x0020
(3073) 006F  0000000001101111 (  93)                 .FILL x006F
(3074) 006E  0000000001101110 (  93)                 .FILL x006E
(3075) 0020  0000000000100000 (  93)                 .FILL x0020
(3076) 0074  0000000001110100 (  93)                 .FILL x0074
(3077) 0068  0000000001101000 (  93)                 .FILL x0068
(3078) 0065  0000000001100101 (  93)                 .FILL x0065
(3079) 0020  0000000000100000 (  93)                 .FILL x0020
(307A) 0053  0000000001010011 (  93)                 .FILL x0053
(307B) 0074  0000000001110100 (  93)                 .FILL x0074
(307C) 0061  0000000001100001 (  93)                 .FILL x0061
(307D) 0063  0000000001100011 (  93)                 .FILL x0063
(307E) 006B  0000000001101011 (  93)                 .FILL x006B
(307F) 002E  0000000000101110 (  93)                 .FILL x002E
(3080) 0000  0000000000000000 (  93)                 .FILL x0000
