(0000) 3000  0011000000000000 (  15)                 .ORIG x3000
(3000) 5B60  0101101101100000 (  16)                 AND   R5 R5 #0
(3001) BA6C  1011101001101100 (  17)                 STI   R5 Flag
(3002) 2066  0010000001100110 (  18)                 LD    R0 KBIEN
(3003) B066  1011000001100110 (  19)                 STI   R0 KBSR
(3004) 2067  0010000001100111 (  20)                 LD    R0 KBISR
(3005) B065  1011000001100101 (  21)                 STI   R0 KBIVE
(3006) 2C66  0010110001100110 (  22)                 LD    R6 SBase
(3007) 3E60  0011111001100000 (  25) Loop            ST    R7 SaveR7
(3008) AA65  1010101001100101 (  26)                 LDI   R5 Flag
(3009) 080C  0000100000001100 (  27)                 BRN   OMEGA
(300A) E00D  1110000000001101 (  28)                 LEA   R0 L1
(300B) F022  1111000000100010 (  29)                 TRAP  x22
(300C) 205A  0010000001011010 (  30)                 LD    R0 Enter
(300D) F021  1111000000100001 (  31)                 TRAP  x21
(300E) 4860  0100100001100000 (  32)                 JSR   DELAY
(300F) E032  1110000000110010 (  33)                 LEA   R0 L2
(3010) F022  1111000000100010 (  34)                 TRAP  x22
(3011) 2055  0010000001010101 (  35)                 LD    R0 Enter
(3012) F021  1111000000100001 (  36)                 TRAP  x21
(3013) 485B  0100100001011011 (  37)                 JSR   DELAY
(3014) 2E53  0010111001010011 (  38)                 LD    R7 SaveR7
(3015) 0FF1  0000111111110001 (  39)                 BRNZP Loop
(3016) 2E51  0010111001010001 (  42) OMEGA           LD    R7 SaveR7
(3017) F025  1111000000100101 (  43)                 TRAP  x25
(3018) 0054  0000000001010100 (  48) L1              .FILL x0054
(3019) 0065  0000000001100101 (  48)                 .FILL x0065
(301A) 0078  0000000001111000 (  48)                 .FILL x0078
(301B) 0061  0000000001100001 (  48)                 .FILL x0061
(301C) 0073  0000000001110011 (  48)                 .FILL x0073
(301D) 0020  0000000000100000 (  48)                 .FILL x0020
(301E) 0020  0000000000100000 (  48)                 .FILL x0020
(301F) 0020  0000000000100000 (  48)                 .FILL x0020
(3020) 0020  0000000000100000 (  48)                 .FILL x0020
(3021) 0020  0000000000100000 (  48)                 .FILL x0020
(3022) 0020  0000000000100000 (  48)                 .FILL x0020
(3023) 0020  0000000000100000 (  48)                 .FILL x0020
(3024) 0054  0000000001010100 (  48)                 .FILL x0054
(3025) 0065  0000000001100101 (  48)                 .FILL x0065
(3026) 0078  0000000001111000 (  48)                 .FILL x0078
(3027) 0061  0000000001100001 (  48)                 .FILL x0061
(3028) 0073  0000000001110011 (  48)                 .FILL x0073
(3029) 0020  0000000000100000 (  48)                 .FILL x0020
(302A) 0020  0000000000100000 (  48)                 .FILL x0020
(302B) 0020  0000000000100000 (  48)                 .FILL x0020
(302C) 0020  0000000000100000 (  48)                 .FILL x0020
(302D) 0020  0000000000100000 (  48)                 .FILL x0020
(302E) 0020  0000000000100000 (  48)                 .FILL x0020
(302F) 0020  0000000000100000 (  48)                 .FILL x0020
(3030) 0054  0000000001010100 (  48)                 .FILL x0054
(3031) 0065  0000000001100101 (  48)                 .FILL x0065
(3032) 0078  0000000001111000 (  48)                 .FILL x0078
(3033) 0061  0000000001100001 (  48)                 .FILL x0061
(3034) 0073  0000000001110011 (  48)                 .FILL x0073
(3035) 0020  0000000000100000 (  48)                 .FILL x0020
(3036) 0020  0000000000100000 (  48)                 .FILL x0020
(3037) 0020  0000000000100000 (  48)                 .FILL x0020
(3038) 0020  0000000000100000 (  48)                 .FILL x0020
(3039) 0020  0000000000100000 (  48)                 .FILL x0020
(303A) 0020  0000000000100000 (  48)                 .FILL x0020
(303B) 0020  0000000000100000 (  48)                 .FILL x0020
(303C) 0054  0000000001010100 (  48)                 .FILL x0054
(303D) 0065  0000000001100101 (  48)                 .FILL x0065
(303E) 0078  0000000001111000 (  48)                 .FILL x0078
(303F) 0061  0000000001100001 (  48)                 .FILL x0061
(3040) 0073  0000000001110011 (  48)                 .FILL x0073
(3041) 0000  0000000000000000 (  48)                 .FILL x0000
(3042) 0020  0000000000100000 (  49) L2              .FILL x0020
(3043) 0020  0000000000100000 (  49)                 .FILL x0020
(3044) 0020  0000000000100000 (  49)                 .FILL x0020
(3045) 0020  0000000000100000 (  49)                 .FILL x0020
(3046) 0020  0000000000100000 (  49)                 .FILL x0020
(3047) 0020  0000000000100000 (  49)                 .FILL x0020
(3048) 0020  0000000000100000 (  49)                 .FILL x0020
(3049) 0054  0000000001010100 (  49)                 .FILL x0054
(304A) 0065  0000000001100101 (  49)                 .FILL x0065
(304B) 0078  0000000001111000 (  49)                 .FILL x0078
(304C) 0061  0000000001100001 (  49)                 .FILL x0061
(304D) 0073  0000000001110011 (  49)                 .FILL x0073
(304E) 0020  0000000000100000 (  49)                 .FILL x0020
(304F) 0020  0000000000100000 (  49)                 .FILL x0020
(3050) 0020  0000000000100000 (  49)                 .FILL x0020
(3051) 0020  0000000000100000 (  49)                 .FILL x0020
(3052) 0020  0000000000100000 (  49)                 .FILL x0020
(3053) 0020  0000000000100000 (  49)                 .FILL x0020
(3054) 0020  0000000000100000 (  49)                 .FILL x0020
(3055) 0054  0000000001010100 (  49)                 .FILL x0054
(3056) 0065  0000000001100101 (  49)                 .FILL x0065
(3057) 0078  0000000001111000 (  49)                 .FILL x0078
(3058) 0061  0000000001100001 (  49)                 .FILL x0061
(3059) 0073  0000000001110011 (  49)                 .FILL x0073
(305A) 0020  0000000000100000 (  49)                 .FILL x0020
(305B) 0020  0000000000100000 (  49)                 .FILL x0020
(305C) 0020  0000000000100000 (  49)                 .FILL x0020
(305D) 0020  0000000000100000 (  49)                 .FILL x0020
(305E) 0020  0000000000100000 (  49)                 .FILL x0020
(305F) 0020  0000000000100000 (  49)                 .FILL x0020
(3060) 0020  0000000000100000 (  49)                 .FILL x0020
(3061) 0054  0000000001010100 (  49)                 .FILL x0054
(3062) 0065  0000000001100101 (  49)                 .FILL x0065
(3063) 0078  0000000001111000 (  49)                 .FILL x0078
(3064) 0061  0000000001100001 (  49)                 .FILL x0061
(3065) 0073  0000000001110011 (  49)                 .FILL x0073
(3066) 0000  0000000000000000 (  49)                 .FILL x0000
(3067) 000A  0000000000001010 (  50) Enter           .FILL x000A
(3068) 0000  0000000000000000 (  52) SaveR7          .FILL x0000
(3069) 4000  0100000000000000 (  52) KBIEN           .FILL x4000
(306A) FE00  1111111000000000 (  53) KBSR            .FILL xFE00
(306B) 0180  0000000110000000 (  54) KBIVE           .FILL x0180
(306C) 1500  0001010100000000 (  55) KBISR           .FILL x1500
(306D) 3000  0011000000000000 (  56) SBase           .FILL x3000
(306E) 4100  0100000100000000 (  57) Flag            .FILL x4100
(306F) 3206  0011001000000110 (  60) DELAY           ST    R1 SaveR1
(3070) 2204  0010001000000100 (  61)                 LD    R1 COUNT
(3071) 127F  0001001001111111 (  62) REP             ADD   R1 R1 #-1
(3072) 03FE  0000001111111110 (  63)                 BRP   REP
(3073) 2202  0010001000000010 (  64)                 LD    R1 SaveR1
(3074) C1C0  1100000111000000 (  65)                 RET   
(3075) 61A8  0110000110101000 (  66) COUNT           .FILL x61A8
(3076) 0000  0000000000000000 (  69) SaveR1          .FILL x0000
