(0000) 1500  0001010100000000 (   1)                 .ORIG x1500
(1500) A023  1010000000100011 (   2)                 LDI   R0 KBDR
(1501) 2A29  0010101000101001 (   3)                 LD    R5 qVal
(1502) 1B40  0001101101000000 (   4)                 ADD   R5 R5 R0
(1503) 041A  0000010000011010 (   5)                 BRZ   SetFlag
(1504) 5260  0101001001100000 (   7) Alpha           AND   R1 R1 #0
(1505) 54A0  0101010010100000 (   8)                 AND   R2 R2 #0
(1506) 126A  0001001001101010 (   9)                 ADD   R1 R1 #10
(1507) 14AA  0001010010101010 (  10)                 ADD   R2 R2 #10
(1508) 5B60  0101101101100000 (  11)                 AND   R5 R5 #0
(1509) 221F  0010001000011111 (  12)                 LD    R1 C1
(150A) 1A01  0001101000000001 (  13)                 ADD   R5 R0 R1
(150B) 0216  0000001000010110 (  14)                 BRP   QUIT
(150C) 241D  0010010000011101 (  15)                 LD    R2 C2
(150D) 1402  0001010000000010 (  16)                 ADD   R2 R0 R2
(150E) 0813  0000100000010011 (  17)                 BRN   QUIT
(150F) 5260  0101001001100000 (  18)                 AND   R1 R1 #0
(1510) 54A0  0101010010100000 (  19)                 AND   R2 R2 #0
(1511) 126A  0001001001101010 (  20)                 ADD   R1 R1 #10
(1512) 14AA  0001010010101010 (  21)                 ADD   R2 R2 #10
(1513) B011  1011000000010001 (  22) CAP             STI   R0 DDR
(1514) 127F  0001001001111111 (  23)                 ADD   R1 R1 #-1
(1515) 0BFD  0000101111111101 (  24)                 BRNP  CAP
(1516) 2810  0010100000010000 (  25)                 LD    R4 pos
(1517) 1004  0001000000000100 (  26)                 ADD   R0 R0 R4
(1518) B00C  1011000000001100 (  27) LOW             STI   R0 DDR
(1519) 14BF  0001010010111111 (  28)                 ADD   R2 R2 #-1
(151A) 0BFD  0000101111111101 (  29)                 BRNP  LOW
(151B) 200C  0010000000001100 (  30)                 LD    R0 ENT
(151C) B008  1011000000001000 (  31)                 STI   R0 DDR
(151D) 0E04  0000111000000100 (  32)                 BRNZP QUIT
(151E) 5B60  0101101101100000 (  33) SetFlag         AND   R5 R5 #0
(151F) 1B7F  0001101101111111 (  34)                 ADD   R5 R5 #-1
(1520) BA0B  1011101000001011 (  35)                 STI   R5 Flag
(1521) 0E00  0000111000000000 (  36)                 BRNZP QUIT
(1522) 8000  1000000000000000 (  39) QUIT            RTI   
(1523) F025  1111000000100101 (  40) Fin             TRAP  x25
(1524) FE02  1111111000000010 (  42) KBDR            .FILL xFE02
(1525) FE06  1111111000000110 (  43) DDR             .FILL xFE06
(1526) FFE0  1111111111100000 (  44) neg             .FILL xFFE0
(1527) 0020  0000000000100000 (  45) pos             .FILL x0020
(1528) 000A  0000000000001010 (  46) ENT             .FILL x000A
(1529) FFA5  1111111110100101 (  47) C1              .FILL xFFA5
(152A) FFBF  1111111110111111 (  48) C2              .FILL xFFBF
(152B) FF8F  1111111110001111 (  49) qVal            .FILL xFF8F
(152C) 4100  0100000100000000 (  50) Flag            .FILL x4100
