(0000) 3000  0011000000000000 (  15)                 .ORIG x3000
(3000) 2066  0010000001100110 (  16)                 LD    R0 KBIEN
(3001) B066  1011000001100110 (  17)                 STI   R0 KBSR
(3002) 2067  0010000001100111 (  18)                 LD    R0 KBISR
(3003) B065  1011000001100101 (  19)                 STI   R0 KBIVE
(3004) 2C66  0010110001100110 (  20)                 LD    R6 SBase
(3005) 3E60  0011111001100000 (  23) Loop            ST    R7 SaveR7
(3006) AA65  1010101001100101 (  24)                 LDI   R5 Flag
(3007) 020C  0000001000001100 (  25)                 BRP   OMEGA
(3008) E00D  1110000000001101 (  26)                 LEA   R0 L1
(3009) F022  1111000000100010 (  27)                 TRAP  x22
(300A) 205A  0010000001011010 (  28)                 LD    R0 Enter
(300B) F021  1111000000100001 (  29)                 TRAP  x21
(300C) 4860  0100100001100000 (  30)                 JSR   DELAY
(300D) E032  1110000000110010 (  31)                 LEA   R0 L2
(300E) F022  1111000000100010 (  32)                 TRAP  x22
(300F) 2055  0010000001010101 (  33)                 LD    R0 Enter
(3010) F021  1111000000100001 (  34)                 TRAP  x21
(3011) 485B  0100100001011011 (  35)                 JSR   DELAY
(3012) 2E53  0010111001010011 (  36)                 LD    R7 SaveR7
(3013) 0FF1  0000111111110001 (  37)                 BRNZP Loop
(3014) 2E51  0010111001010001 (  40) OMEGA           LD    R7 SaveR7
(3015) F025  1111000000100101 (  41)                 TRAP  x25
(3016) 0054  0000000001010100 (  46) L1              .FILL x0054
(3017) 0065  0000000001100101 (  46)                 .FILL x0065
(3018) 0078  0000000001111000 (  46)                 .FILL x0078
(3019) 0061  0000000001100001 (  46)                 .FILL x0061
(301A) 0073  0000000001110011 (  46)                 .FILL x0073
(301B) 0020  0000000000100000 (  46)                 .FILL x0020
(301C) 0020  0000000000100000 (  46)                 .FILL x0020
(301D) 0020  0000000000100000 (  46)                 .FILL x0020
(301E) 0020  0000000000100000 (  46)                 .FILL x0020
(301F) 0020  0000000000100000 (  46)                 .FILL x0020
(3020) 0020  0000000000100000 (  46)                 .FILL x0020
(3021) 0020  0000000000100000 (  46)                 .FILL x0020
(3022) 0054  0000000001010100 (  46)                 .FILL x0054
(3023) 0065  0000000001100101 (  46)                 .FILL x0065
(3024) 0078  0000000001111000 (  46)                 .FILL x0078
(3025) 0061  0000000001100001 (  46)                 .FILL x0061
(3026) 0073  0000000001110011 (  46)                 .FILL x0073
(3027) 0020  0000000000100000 (  46)                 .FILL x0020
(3028) 0020  0000000000100000 (  46)                 .FILL x0020
(3029) 0020  0000000000100000 (  46)                 .FILL x0020
(302A) 0020  0000000000100000 (  46)                 .FILL x0020
(302B) 0020  0000000000100000 (  46)                 .FILL x0020
(302C) 0020  0000000000100000 (  46)                 .FILL x0020
(302D) 0020  0000000000100000 (  46)                 .FILL x0020
(302E) 0054  0000000001010100 (  46)                 .FILL x0054
(302F) 0065  0000000001100101 (  46)                 .FILL x0065
(3030) 0078  0000000001111000 (  46)                 .FILL x0078
(3031) 0061  0000000001100001 (  46)                 .FILL x0061
(3032) 0073  0000000001110011 (  46)                 .FILL x0073
(3033) 0020  0000000000100000 (  46)                 .FILL x0020
(3034) 0020  0000000000100000 (  46)                 .FILL x0020
(3035) 0020  0000000000100000 (  46)                 .FILL x0020
(3036) 0020  0000000000100000 (  46)                 .FILL x0020
(3037) 0020  0000000000100000 (  46)                 .FILL x0020
(3038) 0020  0000000000100000 (  46)                 .FILL x0020
(3039) 0020  0000000000100000 (  46)                 .FILL x0020
(303A) 0054  0000000001010100 (  46)                 .FILL x0054
(303B) 0065  0000000001100101 (  46)                 .FILL x0065
(303C) 0078  0000000001111000 (  46)                 .FILL x0078
(303D) 0061  0000000001100001 (  46)                 .FILL x0061
(303E) 0073  0000000001110011 (  46)                 .FILL x0073
(303F) 0000  0000000000000000 (  46)                 .FILL x0000
(3040) 0020  0000000000100000 (  47) L2              .FILL x0020
(3041) 0020  0000000000100000 (  47)                 .FILL x0020
(3042) 0020  0000000000100000 (  47)                 .FILL x0020
(3043) 0020  0000000000100000 (  47)                 .FILL x0020
(3044) 0020  0000000000100000 (  47)                 .FILL x0020
(3045) 0020  0000000000100000 (  47)                 .FILL x0020
(3046) 0020  0000000000100000 (  47)                 .FILL x0020
(3047) 0054  0000000001010100 (  47)                 .FILL x0054
(3048) 0065  0000000001100101 (  47)                 .FILL x0065
(3049) 0078  0000000001111000 (  47)                 .FILL x0078
(304A) 0061  0000000001100001 (  47)                 .FILL x0061
(304B) 0073  0000000001110011 (  47)                 .FILL x0073
(304C) 0020  0000000000100000 (  47)                 .FILL x0020
(304D) 0020  0000000000100000 (  47)                 .FILL x0020
(304E) 0020  0000000000100000 (  47)                 .FILL x0020
(304F) 0020  0000000000100000 (  47)                 .FILL x0020
(3050) 0020  0000000000100000 (  47)                 .FILL x0020
(3051) 0020  0000000000100000 (  47)                 .FILL x0020
(3052) 0020  0000000000100000 (  47)                 .FILL x0020
(3053) 0054  0000000001010100 (  47)                 .FILL x0054
(3054) 0065  0000000001100101 (  47)                 .FILL x0065
(3055) 0078  0000000001111000 (  47)                 .FILL x0078
(3056) 0061  0000000001100001 (  47)                 .FILL x0061
(3057) 0073  0000000001110011 (  47)                 .FILL x0073
(3058) 0020  0000000000100000 (  47)                 .FILL x0020
(3059) 0020  0000000000100000 (  47)                 .FILL x0020
(305A) 0020  0000000000100000 (  47)                 .FILL x0020
(305B) 0020  0000000000100000 (  47)                 .FILL x0020
(305C) 0020  0000000000100000 (  47)                 .FILL x0020
(305D) 0020  0000000000100000 (  47)                 .FILL x0020
(305E) 0020  0000000000100000 (  47)                 .FILL x0020
(305F) 0054  0000000001010100 (  47)                 .FILL x0054
(3060) 0065  0000000001100101 (  47)                 .FILL x0065
(3061) 0078  0000000001111000 (  47)                 .FILL x0078
(3062) 0061  0000000001100001 (  47)                 .FILL x0061
(3063) 0073  0000000001110011 (  47)                 .FILL x0073
(3064) 0000  0000000000000000 (  47)                 .FILL x0000
(3065) 000A  0000000000001010 (  48) Enter           .FILL x000A
(3066) 0000  0000000000000000 (  50) SaveR7          .FILL x0000
(3067) 4000  0100000000000000 (  50) KBIEN           .FILL x4000
(3068) FE00  1111111000000000 (  51) KBSR            .FILL xFE00
(3069) 0180  0000000110000000 (  52) KBIVE           .FILL x0180
(306A) 1500  0001010100000000 (  53) KBISR           .FILL x1500
(306B) 3000  0011000000000000 (  54) SBase           .FILL x3000
(306C) 4100  0100000100000000 (  55) Flag            .FILL x4100
(306D) 3206  0011001000000110 (  58) DELAY           ST    R1 SaveR1
(306E) 2204  0010001000000100 (  59)                 LD    R1 COUNT
(306F) 127F  0001001001111111 (  60) REP             ADD   R1 R1 #-1
(3070) 03FE  0000001111111110 (  61)                 BRP   REP
(3071) 2202  0010001000000010 (  62)                 LD    R1 SaveR1
(3072) C1C0  1100000111000000 (  63)                 RET   
(3073) 61A8  0110000110101000 (  64) COUNT           .FILL x61A8
(3074) 0000  0000000000000000 (  67) SaveR1          .FILL x0000
