(0000) 3000  0011000000000000 (   9)                 .ORIG x3000
(3000) 5020  0101000000100000 (  10)                 AND   R0 R0 #0
(3001) 5260  0101001001100000 (  11)                 AND   R1 R1 #0
(3002) 54A0  0101010010100000 (  12)                 AND   R2 R2 #0
(3003) 56E0  0101011011100000 (  13)                 AND   R3 R3 #0
(3004) 5920  0101100100100000 (  14)                 AND   R4 R4 #0
(3005) E4EB  1110010011101011 (  15)                 LEA   R2 x30F1
(3006) 6680  0110011010000000 (  16)                 LDR   R3 R2 #0
(3007) E0E8  1110000011101000 (  17)                 LEA   R0 x30F0
(3008) 6200  0110001000000000 (  18)                 LDR   R1 R0 #0
(3009) 16E0  0001011011100000 (  19)                 ADD   R3 R3 #0
(300A) 040C  0000010000001100 (  20)                 BRZ   x3017
(300B) 1260  0001001001100000 (  21)                 ADD   R1 R1 #0
(300C) 0201  0000001000000001 (  22)                 BRP   x300E
(300D) 0803  0000100000000011 (  23)                 BRN   x3011
(300E) 1241  0001001001000001 (  24)                 ADD   R1 R1 R1
(300F) 1260  0001001001100000 (  25)                 ADD   R1 R1 #0
(3010) 0E03  0000111000000011 (  26)                 BRNZP x3014
(3011) 1241  0001001001000001 (  27)                 ADD   R1 R1 R1
(3012) 1261  0001001001100001 (  28)                 ADD   R1 R1 #1
(3013) 0E00  0000111000000000 (  29)                 BRNZP x3014
(3014) 16FF  0001011011111111 (  30)                 ADD   R3 R3 #-1
(3015) 03F3  0000001111110011 (  31)                 BRP   x3009
(3016) 0400  0000010000000000 (  32)                 BRZ   x3017
(3017) 32DA  0011001011011010 (  33)                 ST    R1 x30F2
(3018) F025  1111000000100101 (  34)                 TRAP  x25
