(0000) 4000  0100000000000000 (  14)                 .ORIG x4000
(4000) 48E5  0100100011100101 (  19)                 JSR   INIT
(4001) 491F  0100100100011111 (  21) ROUND           JSR   DISPLAY_BOARD
(4002) 484A  0100100001001010 (  22)                 JSR   GET_MOVE
(4003) 4876  0100100001110110 (  23)                 JSR   UPDATE_BOARD
(4004) 48C1  0100100011000001 (  24)                 JSR   UPDATE_STATE
(4005) 1DA0  0001110110100000 (  26)                 ADD   R6 R6 #0
(4006) 05FA  0000010111111010 (  27)                 BRZ   ROUND
(4007) 4919  0100100100011001 (  29)                 JSR   DISPLAY_BOARD
(4008) 4929  0100100100101001 (  30)                 JSR   GAME_OVER
(4009) F025  1111000000100101 (  32)                 TRAP  x25
(400A) 3040  0011000001000000 (  46) DISPLAY_TURN    ST    R0 DT_R0
(400B) 3E40  0011111001000000 (  47)                 ST    R7 DT_R7
(400C) 20E4  0010000011100100 (  49)                 LD    R0 TURN
(400D) 103F  0001000000111111 (  50)                 ADD   R0 R0 #-1
(400E) 0203  0000001000000011 (  51)                 BRP   DT_P2
(400F) E007  1110000000000111 (  52)                 LEA   R0 DT_P1_PROMPT
(4010) F022  1111000000100010 (  53)                 TRAP  x22
(4011) 0E02  0000111000000010 (  54)                 BRNZP DT_DONE
(4012) E01E  1110000000011110 (  56) DT_P2           LEA   R0 DT_P2_PROMPT
(4013) F022  1111000000100010 (  57)                 TRAP  x22
(4014) 2036  0010000000110110 (  61) DT_DONE         LD    R0 DT_R0
(4015) 2E36  0010111000110110 (  62)                 LD    R7 DT_R7
(4016) C1C0  1100000111000000 (  64)                 RET   
(4017) 0050  0000000001010000 (  65) DT_P1_PROMPT    .FILL x0050
(4018) 006C  0000000001101100 (  65)                 .FILL x006C
(4019) 0061  0000000001100001 (  65)                 .FILL x0061
(401A) 0079  0000000001111001 (  65)                 .FILL x0079
(401B) 0065  0000000001100101 (  65)                 .FILL x0065
(401C) 0072  0000000001110010 (  65)                 .FILL x0072
(401D) 0020  0000000000100000 (  65)                 .FILL x0020
(401E) 0031  0000000000110001 (  65)                 .FILL x0031
(401F) 002C  0000000000101100 (  65)                 .FILL x002C
(4020) 0020  0000000000100000 (  65)                 .FILL x0020
(4021) 0070  0000000001110000 (  65)                 .FILL x0070
(4022) 0069  0000000001101001 (  65)                 .FILL x0069
(4023) 0063  0000000001100011 (  65)                 .FILL x0063
(4024) 006B  0000000001101011 (  65)                 .FILL x006B
(4025) 0020  0000000000100000 (  65)                 .FILL x0020
(4026) 0061  0000000001100001 (  65)                 .FILL x0061
(4027) 0020  0000000000100000 (  65)                 .FILL x0020
(4028) 0063  0000000001100011 (  65)                 .FILL x0063
(4029) 006F  0000000001101111 (  65)                 .FILL x006F
(402A) 006C  0000000001101100 (  65)                 .FILL x006C
(402B) 0075  0000000001110101 (  65)                 .FILL x0075
(402C) 006D  0000000001101101 (  65)                 .FILL x006D
(402D) 006E  0000000001101110 (  65)                 .FILL x006E
(402E) 003A  0000000000111010 (  65)                 .FILL x003A
(402F) 0020  0000000000100000 (  65)                 .FILL x0020
(4030) 0000  0000000000000000 (  65)                 .FILL x0000
(4031) 0050  0000000001010000 (  66) DT_P2_PROMPT    .FILL x0050
(4032) 006C  0000000001101100 (  66)                 .FILL x006C
(4033) 0061  0000000001100001 (  66)                 .FILL x0061
(4034) 0079  0000000001111001 (  66)                 .FILL x0079
(4035) 0065  0000000001100101 (  66)                 .FILL x0065
(4036) 0072  0000000001110010 (  66)                 .FILL x0072
(4037) 0020  0000000000100000 (  66)                 .FILL x0020
(4038) 0032  0000000000110010 (  66)                 .FILL x0032
(4039) 002C  0000000000101100 (  66)                 .FILL x002C
(403A) 0020  0000000000100000 (  66)                 .FILL x0020
(403B) 0070  0000000001110000 (  66)                 .FILL x0070
(403C) 0069  0000000001101001 (  66)                 .FILL x0069
(403D) 0063  0000000001100011 (  66)                 .FILL x0063
(403E) 006B  0000000001101011 (  66)                 .FILL x006B
(403F) 0020  0000000000100000 (  66)                 .FILL x0020
(4040) 0061  0000000001100001 (  66)                 .FILL x0061
(4041) 0020  0000000000100000 (  66)                 .FILL x0020
(4042) 0063  0000000001100011 (  66)                 .FILL x0063
(4043) 006F  0000000001101111 (  66)                 .FILL x006F
(4044) 006C  0000000001101100 (  66)                 .FILL x006C
(4045) 0075  0000000001110101 (  66)                 .FILL x0075
(4046) 006D  0000000001101101 (  66)                 .FILL x006D
(4047) 006E  0000000001101110 (  66)                 .FILL x006E
(4048) 003A  0000000000111010 (  66)                 .FILL x003A
(4049) 0020  0000000000100000 (  66)                 .FILL x0020
(404A) 0000  0000000000000000 (  66)                 .FILL x0000
(404B) 0000  0000000000000000 (  68) DT_R0           .FILL x0000
(404C) 0000  0000000000000000 (  79) DT_R7           .FILL x0000
(404D) 302A  0011000000101010 (  80) GET_MOVE        ST    R0 GM_R0
(404E) 3E2A  0011111000101010 (  81)                 ST    R7 GM_R7
(404F) 4FBA  0100111110111010 (  84) GM_REPEAT       JSR   DISPLAY_TURN
(4050) F020  1111000000100000 (  85)                 TRAP  x20
(4051) F021  1111000000100001 (  86)                 TRAP  x21
(4052) 4916  0100100100010110 (  87)                 JSR   CHECK_VALID
(4053) 209C  0010000010011100 (  88)                 LD    R0 ASCII_NEWLINE
(4054) F021  1111000000100001 (  89)                 TRAP  x21
(4055) 1DA0  0001110110100000 (  91)                 ADD   R6 R6 #0
(4056) 0205  0000001000000101 (  92)                 BRP   GM_VALID
(4057) E007  1110000000000111 (  94)                 LEA   R0 GM_INVALID_PROMPT
(4058) F022  1111000000100010 (  95)                 TRAP  x22
(4059) 2096  0010000010010110 (  96)                 LD    R0 ASCII_NEWLINE
(405A) F021  1111000000100001 (  97)                 TRAP  x21
(405B) 0FF3  0000111111110011 (  98)                 BRNZP GM_REPEAT
(405C) 201B  0010000000011011 ( 102) GM_VALID        LD    R0 GM_R0
(405D) 2E1B  0010111000011011 ( 103)                 LD    R7 GM_R7
(405E) C1C0  1100000111000000 ( 105)                 RET   
(405F) 0049  0000000001001001 ( 106) GM_INVALID_PROMPT .FILL x0049
(4060) 006E  0000000001101110 ( 106)                 .FILL x006E
(4061) 0076  0000000001110110 ( 106)                 .FILL x0076
(4062) 0061  0000000001100001 ( 106)                 .FILL x0061
(4063) 006C  0000000001101100 ( 106)                 .FILL x006C
(4064) 0069  0000000001101001 ( 106)                 .FILL x0069
(4065) 0064  0000000001100100 ( 106)                 .FILL x0064
(4066) 0020  0000000000100000 ( 106)                 .FILL x0020
(4067) 006D  0000000001101101 ( 106)                 .FILL x006D
(4068) 006F  0000000001101111 ( 106)                 .FILL x006F
(4069) 0076  0000000001110110 ( 106)                 .FILL x0076
(406A) 0065  0000000001100101 ( 106)                 .FILL x0065
(406B) 002E  0000000000101110 ( 106)                 .FILL x002E
(406C) 0020  0000000000100000 ( 106)                 .FILL x0020
(406D) 0054  0000000001010100 ( 106)                 .FILL x0054
(406E) 0072  0000000001110010 ( 106)                 .FILL x0072
(406F) 0079  0000000001111001 ( 106)                 .FILL x0079
(4070) 0020  0000000000100000 ( 106)                 .FILL x0020
(4071) 0061  0000000001100001 ( 106)                 .FILL x0061
(4072) 0067  0000000001100111 ( 106)                 .FILL x0067
(4073) 0061  0000000001100001 ( 106)                 .FILL x0061
(4074) 0069  0000000001101001 ( 106)                 .FILL x0069
(4075) 006E  0000000001101110 ( 106)                 .FILL x006E
(4076) 002E  0000000000101110 ( 106)                 .FILL x002E
(4077) 0000  0000000000000000 ( 106)                 .FILL x0000
(4078) 0000  0000000000000000 ( 108) GM_R0           .FILL x0000
(4079) 0000  0000000000000000 ( 117) GM_R7           .FILL x0000
(407A) 3221  0011001000100001 ( 118) UPDATE_BOARD    ST    R1 UP_R1
(407B) 3421  0011010000100001 ( 119)                 ST    R2 UP_R2
(407C) 3621  0011011000100001 ( 120)                 ST    R3 UP_R3
(407D) 3821  0011100000100001 ( 121)                 ST    R4 UP_R4
(407E) 3C22  0011110000100010 ( 122)                 ST    R6 UP_R6
(407F) 3E22  0011111000100010 ( 123)                 ST    R7 UP_R7
(4080) 5B60  0101101101100000 ( 126)                 AND   R5 R5 #0
(4081) 1B66  0001101101100110 ( 127)                 ADD   R5 R5 #6
(4082) E897  1110100010010111 ( 129)                 LEA   R4 ROW6
(4083) 1706  0001011100000110 ( 132) UB_NEXT_LEVEL   ADD   R3 R4 R6
(4084) 62FF  0110001011111111 ( 134)                 LDR   R1 R3 #-1
(4085) 2470  0010010001110000 ( 135)                 LD    R2 ASCII_NEGHYP
(4086) 1242  0001001001000010 ( 137)                 ADD   R1 R1 R2
(4087) 0403  0000010000000011 ( 138)                 BRZ   UB_LEVEL_FOUND
(4088) 1939  0001100100111001 ( 140)                 ADD   R4 R4 #-7
(4089) 1B7F  0001101101111111 ( 141)                 ADD   R5 R5 #-1
(408A) 0FF8  0000111111111000 ( 142)                 BRNZP UB_NEXT_LEVEL
(408B) 2865  0010100001100101 ( 145) UB_LEVEL_FOUND  LD    R4 TURN
(408C) 193F  0001100100111111 ( 146)                 ADD   R4 R4 #-1
(408D) 0203  0000001000000011 ( 147)                 BRP   UB_P2
(408E) 280C  0010100000001100 ( 149)                 LD    R4 ASCII_O
(408F) 78FF  0111100011111111 ( 150)                 STR   R4 R3 #-1
(4090) 0E02  0000111000000010 ( 152)                 BRNZP UB_DONE
(4091) 2808  0010100000001000 ( 154) UB_P2           LD    R4 ASCII_X
(4092) 78FF  0111100011111111 ( 155)                 STR   R4 R3 #-1
(4093) 2208  0010001000001000 ( 159) UB_DONE         LD    R1 UP_R1
(4094) 2408  0010010000001000 ( 160)                 LD    R2 UP_R2
(4095) 2608  0010011000001000 ( 161)                 LD    R3 UP_R3
(4096) 2808  0010100000001000 ( 162)                 LD    R4 UP_R4
(4097) 2C09  0010110000001001 ( 163)                 LD    R6 UP_R6
(4098) 2E09  0010111000001001 ( 164)                 LD    R7 UP_R7
(4099) C1C0  1100000111000000 ( 166)                 RET   
(409A) 0058  0000000001011000 ( 167) ASCII_X         .FILL x0058
(409B) 004F  0000000001001111 ( 168) ASCII_O         .FILL x004F
(409C) 0000  0000000000000000 ( 170) UP_R1           .FILL x0000
(409D) 0000  0000000000000000 ( 171) UP_R2           .FILL x0000
(409E) 0000  0000000000000000 ( 172) UP_R3           .FILL x0000
(409F) 0000  0000000000000000 ( 173) UP_R4           .FILL x0000
(40A0) 0000  0000000000000000 ( 174) UP_R5           .FILL x0000
(40A1) 0000  0000000000000000 ( 175) UP_R6           .FILL x0000
(40A2) 0000  0000000000000000 ( 183) UP_R7           .FILL x0000
(40A3) 300D  0011000000001101 ( 184) CHANGE_TURN     ST    R0 CT_R0
(40A4) 320D  0011001000001101 ( 185)                 ST    R1 CT_R1
(40A5) 3E0D  0011111000001101 ( 186)                 ST    R7 CT_R7
(40A6) 204A  0010000001001010 ( 188)                 LD    R0 TURN
(40A7) 123F  0001001000111111 ( 189)                 ADD   R1 R0 #-1
(40A8) 0402  0000010000000010 ( 190)                 BRZ   CT_TURN_P2
(40A9) 3247  0011001001000111 ( 192)                 ST    R1 TURN
(40AA) 0E02  0000111000000010 ( 193)                 BRNZP CT_DONE
(40AB) 1021  0001000000100001 ( 196) CT_TURN_P2      ADD   R0 R0 #1
(40AC) 3044  0011000001000100 ( 197)                 ST    R0 TURN
(40AD) 2003  0010000000000011 ( 200) CT_DONE         LD    R0 CT_R0
(40AE) 2203  0010001000000011 ( 201)                 LD    R1 CT_R1
(40AF) 2E03  0010111000000011 ( 202)                 LD    R7 CT_R7
(40B0) C1C0  1100000111000000 ( 204)                 RET   
(40B1) 0000  0000000000000000 ( 206) CT_R0           .FILL x0000
(40B2) 0000  0000000000000000 ( 207) CT_R1           .FILL x0000
(40B3) 0000  0000000000000000 ( 218) CT_R7           .FILL x0000
(40B4) 3A0E  0011101000001110 ( 219) CHECK_WINNER    ST    R5 CW_R5
(40B5) 3C0E  0011110000001110 ( 220)                 ST    R6 CW_R6
(40B6) 3E0E  0011111000001110 ( 221)                 ST    R7 CW_R7
(40B7) 5920  0101100100100000 ( 223)                 AND   R4 R4 #0
(40B8) 48FD  0100100011111101 ( 225)                 JSR   CHECK_HORIZONTAL
(40B9) 1920  0001100100100000 ( 226)                 ADD   R4 R4 #0
(40BA) 0204  0000001000000100 ( 227)                 BRP   CW_DONE
(40BB) 4938  0100100100111000 ( 229)                 JSR   CHECK_VERTICAL
(40BC) 1920  0001100100100000 ( 230)                 ADD   R4 R4 #0
(40BD) 0201  0000001000000001 ( 231)                 BRP   CW_DONE
(40BE) 4964  0100100101100100 ( 233)                 JSR   CHECK_DIAGONALS
(40BF) 2A03  0010101000000011 ( 237) CW_DONE         LD    R5 CW_R5
(40C0) 2C03  0010110000000011 ( 238)                 LD    R6 CW_R6
(40C1) 2E03  0010111000000011 ( 239)                 LD    R7 CW_R7
(40C2) C1C0  1100000111000000 ( 241)                 RET   
(40C3) 0000  0000000000000000 ( 243) CW_R5           .FILL x0000
(40C4) 0000  0000000000000000 ( 244) CW_R6           .FILL x0000
(40C5) 0000  0000000000000000 ( 258) CW_R7           .FILL x0000
(40C6) 301B  0011000000011011 ( 259) UPDATE_STATE    ST    R0 US_R0
(40C7) 321B  0011001000011011 ( 260)                 ST    R1 US_R1
(40C8) 381B  0011100000011011 ( 261)                 ST    R4 US_R4
(40C9) 3E1B  0011111000011011 ( 262)                 ST    R7 US_R7
(40CA) 4FE9  0100111111101001 ( 265)                 JSR   CHECK_WINNER
(40CB) 1920  0001100100100000 ( 267)                 ADD   R4 R4 #0
(40CC) 0209  0000001000001001 ( 268)                 BRP   US_OVER
(40CD) 5DA0  0101110110100000 ( 271)                 AND   R6 R6 #0
(40CE) 2011  0010000000010001 ( 273)                 LD    R0 NBR_FILLED
(40CF) 1021  0001000000100001 ( 274)                 ADD   R0 R0 #1
(40D0) 300F  0011000000001111 ( 275)                 ST    R0 NBR_FILLED
(40D1) 220F  0010001000001111 ( 277)                 LD    R1 MAX_FILLED
(40D2) 1201  0001001000000001 ( 278)                 ADD   R1 R0 R1
(40D3) 0406  0000010000000110 ( 279)                 BRZ   US_TIE
(40D4) 4FCE  0100111111001110 ( 282) US_NOT_OVER     JSR   CHANGE_TURN
(40D5) 0E05  0000111000000101 ( 283)                 BRNZP US_DONE
(40D6) 1DA1  0001110110100001 ( 286) US_OVER         ADD   R6 R6 #1
(40D7) 2019  0010000000011001 ( 287)                 LD    R0 TURN
(40D8) 3019  0011000000011001 ( 288)                 ST    R0 WINNER
(40D9) 0E01  0000111000000001 ( 289)                 BRNZP US_DONE
(40DA) 1DA1  0001110110100001 ( 292) US_TIE          ADD   R6 R6 #1
(40DB) 2006  0010000000000110 ( 295) US_DONE         LD    R0 US_R0
(40DC) 2206  0010001000000110 ( 296)                 LD    R1 US_R1
(40DD) 2806  0010100000000110 ( 297)                 LD    R4 US_R4
(40DE) 2E06  0010111000000110 ( 298)                 LD    R7 US_R7
(40DF) C1C0  1100000111000000 ( 300)                 RET   
(40E0) 0000  0000000000000000 ( 301) NBR_FILLED      .FILL x0000
(40E1) FFDC  1111111111011100 ( 302) MAX_FILLED      .FILL xFFDC
(40E2) 0000  0000000000000000 ( 304) US_R0           .FILL x0000
(40E3) 0000  0000000000000000 ( 305) US_R1           .FILL x0000
(40E4) 0000  0000000000000000 ( 306) US_R4           .FILL x0000
(40E5) 0000  0000000000000000 ( 314) US_R7           .FILL x0000
(40E6) 3006  0011000000000110 ( 315) INIT            ST    R0 I_R0
(40E7) 3E06  0011111000000110 ( 316)                 ST    R7 I_R7
(40E8) E00E  1110000000001110 ( 318)                 LEA   R0 ROW1
(40E9) 30B1  0011000010110001 ( 319)                 ST    R0 BOARD_PTR
(40EA) 2002  0010000000000010 ( 321)                 LD    R0 I_R0
(40EB) 2E02  0010111000000010 ( 322)                 LD    R7 I_R7
(40EC) C1C0  1100000111000000 ( 324)                 RET   
(40ED) 0000  0000000000000000 ( 326) I_R0            .FILL x0000
(40EE) 0000  0000000000000000 ( 331) I_R7            .FILL x0000
(40EF) 0020  0000000000100000 ( 331) ASCII_SPACE     .FILL x0020
(40F0) 000A  0000000000001010 ( 332) ASCII_NEWLINE   .FILL x000A
(40F1) 0001  0000000000000001 ( 333) TURN            .FILL x0001
(40F2) 0000  0000000000000000 ( 334) WINNER          .FILL x0000
(40F3) FFD0  1111111111010000 ( 336) ASCII_OFFSET    .FILL xFFD0
(40F4) FFCF  1111111111001111 ( 337) ASCII_NEGONE    .FILL xFFCF
(40F5) FFCA  1111111111001010 ( 338) ASCII_NEGSIX    .FILL xFFCA
(40F6) FFD3  1111111111010011 ( 339) ASCII_NEGHYP    .FILL xFFD3
(40F7) 002D  0000000000101101 ( 341) ROW1            .FILL x002D
(40F8) 002D  0000000000101101 ( 341)                 .FILL x002D
(40F9) 002D  0000000000101101 ( 341)                 .FILL x002D
(40FA) 002D  0000000000101101 ( 341)                 .FILL x002D
(40FB) 002D  0000000000101101 ( 341)                 .FILL x002D
(40FC) 002D  0000000000101101 ( 341)                 .FILL x002D
(40FD) 0000  0000000000000000 ( 341)                 .FILL x0000
(40FE) 002D  0000000000101101 ( 342) ROW2            .FILL x002D
(40FF) 002D  0000000000101101 ( 342)                 .FILL x002D
(4100) 002D  0000000000101101 ( 342)                 .FILL x002D
(4101) 002D  0000000000101101 ( 342)                 .FILL x002D
(4102) 002D  0000000000101101 ( 342)                 .FILL x002D
(4103) 002D  0000000000101101 ( 342)                 .FILL x002D
(4104) 0000  0000000000000000 ( 342)                 .FILL x0000
(4105) 002D  0000000000101101 ( 343) ROW3            .FILL x002D
(4106) 002D  0000000000101101 ( 343)                 .FILL x002D
(4107) 002D  0000000000101101 ( 343)                 .FILL x002D
(4108) 002D  0000000000101101 ( 343)                 .FILL x002D
(4109) 002D  0000000000101101 ( 343)                 .FILL x002D
(410A) 002D  0000000000101101 ( 343)                 .FILL x002D
(410B) 0000  0000000000000000 ( 343)                 .FILL x0000
(410C) 002D  0000000000101101 ( 344) ROW4            .FILL x002D
(410D) 002D  0000000000101101 ( 344)                 .FILL x002D
(410E) 002D  0000000000101101 ( 344)                 .FILL x002D
(410F) 002D  0000000000101101 ( 344)                 .FILL x002D
(4110) 002D  0000000000101101 ( 344)                 .FILL x002D
(4111) 002D  0000000000101101 ( 344)                 .FILL x002D
(4112) 0000  0000000000000000 ( 344)                 .FILL x0000
(4113) 002D  0000000000101101 ( 345) ROW5            .FILL x002D
(4114) 002D  0000000000101101 ( 345)                 .FILL x002D
(4115) 002D  0000000000101101 ( 345)                 .FILL x002D
(4116) 002D  0000000000101101 ( 345)                 .FILL x002D
(4117) 002D  0000000000101101 ( 345)                 .FILL x002D
(4118) 002D  0000000000101101 ( 345)                 .FILL x002D
(4119) 0000  0000000000000000 ( 345)                 .FILL x0000
(411A) 002D  0000000000101101 ( 346) ROW6            .FILL x002D
(411B) 002D  0000000000101101 ( 346)                 .FILL x002D
(411C) 002D  0000000000101101 ( 346)                 .FILL x002D
(411D) 002D  0000000000101101 ( 346)                 .FILL x002D
(411E) 002D  0000000000101101 ( 346)                 .FILL x002D
(411F) 002D  0000000000101101 ( 346)                 .FILL x002D
(4120) 0000  0000000000000000 ( 346)                 .FILL x0000
(4121) 3E0E  0011111000001110 ( 365) DISPLAY_BOARD   ST    R7 SAVER7
(4122) 1260  0001001001100000 ( 366)                 ADD   R1 R1 #0
(4123) 1266  0001001001100110 ( 367)                 ADD   R1 R1 #6
(4124) 2076  0010000001110110 ( 368)                 LD    R0 BOARD_PTR
(4125) F022  1111000000100010 ( 369) DP_Loop         TRAP  x22
(4126) 300A  0011000000001010 ( 370)                 ST    R0 SAVER0
(4127) 5020  0101000000100000 ( 371)                 AND   R0 R0 #0
(4128) 102A  0001000000101010 ( 372)                 ADD   R0 R0 #10
(4129) F021  1111000000100001 ( 373)                 TRAP  x21
(412A) 2006  0010000000000110 ( 374)                 LD    R0 SAVER0
(412B) 1027  0001000000100111 ( 375)                 ADD   R0 R0 #7
(412C) 127F  0001001001111111 ( 376)                 ADD   R1 R1 #-1
(412D) 03F7  0000001111110111 ( 377)                 BRP   DP_Loop
(412E) 2E01  0010111000000001 ( 378)                 LD    R7 SAVER7
(412F) C1C0  1100000111000000 ( 379)                 RET   
(4130) 0000  0000000000000000 ( 381) SAVER7          .FILL x0000
(4131) 0000  0000000000000000 ( 390) SAVER0          .FILL x0000
(4132) 23BF  0010001110111111 ( 391) GAME_OVER       LD    R1 WINNER
(4133) 127F  0001001001111111 ( 392)                 ADD   R1 R1 #-1
(4134) 0402  0000010000000010 ( 393)                 BRZ   P1WinO
(4135) 0204  0000001000000100 ( 394)                 BRP   P2WinO
(4136) 0806  0000100000000110 ( 395)                 BRN   TieGO
(4137) E009  1110000000001001 ( 397) P1WinO          LEA   R0 P1Win
(4138) F022  1111000000100010 ( 398)                 TRAP  x22
(4139) 0E06  0000111000000110 ( 399)                 BRNZP AYYY
(413A) E015  1110000000010101 ( 401) P2WinO          LEA   R0 P2Win
(413B) F022  1111000000100010 ( 402)                 TRAP  x22
(413C) 0E03  0000111000000011 ( 403)                 BRNZP AYYY
(413D) E021  1110000000100001 ( 405) TieGO           LEA   R0 TieG
(413E) F022  1111000000100010 ( 406)                 TRAP  x22
(413F) 0E00  0000111000000000 ( 407)                 BRNZP AYYY
(4140) F025  1111000000100101 ( 408) AYYY            TRAP  x25
(4141) 0050  0000000001010000 ( 409) P1Win           .FILL x0050
(4142) 006C  0000000001101100 ( 409)                 .FILL x006C
(4143) 0061  0000000001100001 ( 409)                 .FILL x0061
(4144) 0079  0000000001111001 ( 409)                 .FILL x0079
(4145) 0065  0000000001100101 ( 409)                 .FILL x0065
(4146) 0072  0000000001110010 ( 409)                 .FILL x0072
(4147) 0020  0000000000100000 ( 409)                 .FILL x0020
(4148) 0031  0000000000110001 ( 409)                 .FILL x0031
(4149) 0020  0000000000100000 ( 409)                 .FILL x0020
(414A) 0057  0000000001010111 ( 409)                 .FILL x0057
(414B) 0069  0000000001101001 ( 409)                 .FILL x0069
(414C) 006E  0000000001101110 ( 409)                 .FILL x006E
(414D) 0073  0000000001110011 ( 409)                 .FILL x0073
(414E) 002E  0000000000101110 ( 409)                 .FILL x002E
(414F) 0000  0000000000000000 ( 409)                 .FILL x0000
(4150) 0050  0000000001010000 ( 410) P2Win           .FILL x0050
(4151) 006C  0000000001101100 ( 410)                 .FILL x006C
(4152) 0079  0000000001111001 ( 410)                 .FILL x0079
(4153) 0061  0000000001100001 ( 410)                 .FILL x0061
(4154) 0065  0000000001100101 ( 410)                 .FILL x0065
(4155) 0072  0000000001110010 ( 410)                 .FILL x0072
(4156) 0020  0000000000100000 ( 410)                 .FILL x0020
(4157) 0032  0000000000110010 ( 410)                 .FILL x0032
(4158) 0020  0000000000100000 ( 410)                 .FILL x0020
(4159) 0057  0000000001010111 ( 410)                 .FILL x0057
(415A) 0069  0000000001101001 ( 410)                 .FILL x0069
(415B) 006E  0000000001101110 ( 410)                 .FILL x006E
(415C) 0073  0000000001110011 ( 410)                 .FILL x0073
(415D) 002E  0000000000101110 ( 410)                 .FILL x002E
(415E) 0000  0000000000000000 ( 410)                 .FILL x0000
(415F) 0054  0000000001010100 ( 411) TieG            .FILL x0054
(4160) 0069  0000000001101001 ( 411)                 .FILL x0069
(4161) 0065  0000000001100101 ( 411)                 .FILL x0065
(4162) 0020  0000000000100000 ( 411)                 .FILL x0020
(4163) 0047  0000000001000111 ( 411)                 .FILL x0047
(4164) 0061  0000000001100001 ( 411)                 .FILL x0061
(4165) 006D  0000000001101101 ( 411)                 .FILL x006D
(4166) 0065  0000000001100101 ( 411)                 .FILL x0065
(4167) 002E  0000000000101110 ( 411)                 .FILL x002E
(4168) 0000  0000000000000000 ( 411)                 .FILL x0000
(4169) 3029  0011000000101001 ( 421) CHECK_VALID     ST    R0 TEMPR0
(416A) 3229  0011001000101001 ( 422)                 ST    R1 TEMPR1
(416B) 3429  0011010000101001 ( 423)                 ST    R2 TEMPR2
(416C) 3629  0011011000101001 ( 424)                 ST    R3 TEMPR3
(416D) 3829  0011100000101001 ( 425)                 ST    R4 TEMPR4
(416E) 3A29  0011101000101001 ( 426)                 ST    R5 TEMPR5
(416F) 3C29  0011110000101001 ( 427)                 ST    R6 TEMPR6
(4170) 3E29  0011111000101001 ( 428)                 ST    R7 TEMPR7
(4171) 1031  0001000000110001 ( 429)                 ADD   R0 R0 #-15
(4172) 1031  0001000000110001 ( 430)                 ADD   R0 R0 #-15
(4173) 1031  0001000000110001 ( 431)                 ADD   R0 R0 #-15
(4174) 103D  0001000000111101 ( 432)                 ADD   R0 R0 #-3
(4175) 0C07  0000110000000111 ( 433)                 BRNZ  FAULTY
(4176) 5260  0101001001100000 ( 434)                 AND   R1 R1 #0
(4177) 1266  0001001001100110 ( 435)                 ADD   R1 R1 #6
(4178) 927F  1001001001111111 ( 436)                 NOT   R1 R1
(4179) 1261  0001001001100001 ( 437)                 ADD   R1 R1 #1
(417A) 1401  0001010000000001 ( 438)                 ADD   R2 R0 R1
(417B) 0201  0000001000000001 ( 439)                 BRP   FAULTY
(417C) 0C02  0000110000000010 ( 440)                 BRNZ  FULLyn
(417D) 5DA0  0101110110100000 ( 441) FAULTY          AND   R6 R6 #0
(417E) 0E0C  0000111000001100 ( 442)                 BRNZP BAD
(417F) 261B  0010011000011011 ( 443) FULLyn          LD    R3 BOARD_PTR
(4180) 1820  0001100000100000 ( 444)                 ADD   R4 R0 #0
(4181) 193F  0001100100111111 ( 445)                 ADD   R4 R4 #-1
(4182) 16C4  0001011011000100 ( 446)                 ADD   R3 R3 R4
(4183) 66C0  0110011011000000 ( 447)                 LDR   R3 R3 #0
(4184) 16F1  0001011011110001 ( 448)                 ADD   R3 R3 #-15
(4185) 16F1  0001011011110001 ( 449)                 ADD   R3 R3 #-15
(4186) 16F1  0001011011110001 ( 450)                 ADD   R3 R3 #-15
(4187) 0401  0000010000000001 ( 451)                 BRZ   GOOD
(4188) 0A02  0000101000000010 ( 452)                 BRNP  BAD
(4189) 5DA0  0101110110100000 ( 453) GOOD            AND   R6 R6 #0
(418A) 1D80  0001110110000000 ( 454)                 ADD   R6 R6 R0
(418B) 2007  0010000000000111 ( 455) BAD             LD    R0 TEMPR0
(418C) 2207  0010001000000111 ( 456)                 LD    R1 TEMPR1
(418D) 2407  0010010000000111 ( 457)                 LD    R2 TEMPR2
(418E) 2607  0010011000000111 ( 458)                 LD    R3 TEMPR3
(418F) 2807  0010100000000111 ( 459)                 LD    R4 TEMPR4
(4190) 2A07  0010101000000111 ( 460)                 LD    R5 TEMPR5
(4191) 2E08  0010111000001000 ( 461)                 LD    R7 TEMPR7
(4192) C1C0  1100000111000000 ( 462)                 RET   
(4193) 0000  0000000000000000 ( 464) TEMPR0          .FILL x0000
(4194) 0000  0000000000000000 ( 465) TEMPR1          .FILL x0000
(4195) 0000  0000000000000000 ( 466) TEMPR2          .FILL x0000
(4196) 0000  0000000000000000 ( 467) TEMPR3          .FILL x0000
(4197) 0000  0000000000000000 ( 468) TEMPR4          .FILL x0000
(4198) 0000  0000000000000000 ( 469) TEMPR5          .FILL x0000
(4199) 0000  0000000000000000 ( 470) TEMPR6          .FILL x0000
(419A) 0000  0000000000000000 ( 475) TEMPR7          .FILL x0000
(419B) 0000  0000000000000000 ( 490) BOARD_PTR       .FILL x0000
(419C) 3015  0011000000010101 ( 491) BOARD_ADDRESS   ST    R0 TMPR0
(419D) 3C16  0011110000010110 ( 492)                 ST    R6 TMPR6
(419E) 3A14  0011101000010100 ( 493)                 ST    R5 TMPR5
(419F) 3E15  0011111000010101 ( 494)                 ST    R7 TMPR7
(41A0) 5020  0101000000100000 ( 495)                 AND   R0 R0 #0
(41A1) 21F9  0010000111111001 ( 496)                 LD    R0 BOARD_PTR
(41A2) 1DBF  0001110110111111 ( 497)                 ADD   R6 R6 #-1
(41A3) 1B7F  0001101101111111 ( 498)                 ADD   R5 R5 #-1
(41A4) 1DA0  0001110110100000 ( 499) CHKsix          ADD   R6 R6 #0
(41A5) 0403  0000010000000011 ( 500)                 BRZ   CHKfive
(41A6) 1021  0001000000100001 ( 501)                 ADD   R0 R0 #1
(41A7) 1DBF  0001110110111111 ( 502)                 ADD   R6 R6 #-1
(41A8) 0FFB  0000111111111011 ( 503)                 BRNZP CHKsix
(41A9) 1B60  0001101101100000 ( 504) CHKfive         ADD   R5 R5 #0
(41AA) 0403  0000010000000011 ( 505)                 BRZ   Reload
(41AB) 1027  0001000000100111 ( 506)                 ADD   R0 R0 #7
(41AC) 1B7F  0001101101111111 ( 507)                 ADD   R5 R5 #-1
(41AD) 0FFB  0000111111111011 ( 508)                 BRNZP CHKfive
(41AE) 2A04  0010101000000100 ( 509) Reload          LD    R5 TMPR5
(41AF) 2C04  0010110000000100 ( 510)                 LD    R6 TMPR6
(41B0) 2E04  0010111000000100 ( 511)                 LD    R7 TMPR7
(41B1) C1C0  1100000111000000 ( 512)                 RET   
(41B2) 0000  0000000000000000 ( 514) TMPR0           .FILL x0000
(41B3) 0000  0000000000000000 ( 515) TMPR5           .FILL x0000
(41B4) 0000  0000000000000000 ( 516) TMPR6           .FILL x0000
(41B5) 0000  0000000000000000 ( 526) TMPR7           .FILL x0000
(41B6) 3031  0011000000110001 ( 527) CHECK_HORIZONTAL ST    R0 R0HOLD
(41B7) 3232  0011001000110010 ( 528)                 ST    R1 R1HOLD
(41B8) 3432  0011010000110010 ( 529)                 ST    R2 R2HOLD
(41B9) 3632  0011011000110010 ( 530)                 ST    R3 R3HOLD
(41BA) 3832  0011100000110010 ( 531)                 ST    R4 R4HOLD
(41BB) 3A32  0011101000110010 ( 532)                 ST    R5 R5HOLD
(41BC) 3C32  0011110000110010 ( 533)                 ST    R6 R6HOLD
(41BD) 3E32  0011111000110010 ( 534)                 ST    R7 R7HOLD
(41BE) 56E0  0101011011100000 ( 535)                 AND   R3 R3 #0
(41BF) 16E3  0001011011100011 ( 536)                 ADD   R3 R3 #3
(41C0) 4FDB  0100111111011011 ( 537)                 JSR   BOARD_ADDRESS
(41C1) 3027  0011000000100111 ( 538)                 ST    R0 R0HOLD2
(41C2) 6200  0110001000000000 ( 539)                 LDR   R1 R0 #0
(41C3) 927F  1001001001111111 ( 540)                 NOT   R1 R1
(41C4) 1261  0001001001100001 ( 541)                 ADD   R1 R1 #1
(41C5) 1DA1  0001110110100001 ( 542) CheckR          ADD   R6 R6 #1
(41C6) 1021  0001000000100001 ( 543)                 ADD   R0 R0 #1
(41C7) 19A0  0001100110100000 ( 544)                 ADD   R4 R6 #0
(41C8) 193A  0001100100111010 ( 545)                 ADD   R4 R4 #-6
(41C9) 0205  0000001000000101 ( 546)                 BRP   MoveOn
(41CA) 6400  0110010000000000 ( 547)                 LDR   R2 R0 #0
(41CB) 1E81  0001111010000001 ( 548)                 ADD   R7 R2 R1
(41CC) 0A02  0000101000000010 ( 549)                 BRNP  MoveOn
(41CD) 16FF  0001011011111111 ( 550)                 ADD   R3 R3 #-1
(41CE) 0FF6  0000111111110110 ( 551)                 BRNZP CheckR
(41CF) 2C1F  0010110000011111 ( 552) MoveOn          LD    R6 R6HOLD
(41D0) 2018  0010000000011000 ( 553)                 LD    R0 R0HOLD2
(41D1) 1DBF  0001110110111111 ( 554) CheckL          ADD   R6 R6 #-1
(41D2) 103F  0001000000111111 ( 555)                 ADD   R0 R0 #-1
(41D3) 1DA0  0001110110100000 ( 556)                 ADD   R6 R6 #0
(41D4) 0C05  0000110000000101 ( 557)                 BRNZ  CheckW
(41D5) 6400  0110010000000000 ( 558)                 LDR   R2 R0 #0
(41D6) 1E81  0001111010000001 ( 559)                 ADD   R7 R2 R1
(41D7) 0A02  0000101000000010 ( 560)                 BRNP  CheckW
(41D8) 16FF  0001011011111111 ( 561)                 ADD   R3 R3 #-1
(41D9) 0FF7  0000111111110111 ( 562)                 BRNZP CheckL
(41DA) 16E0  0001011011100000 ( 563) CheckW          ADD   R3 R3 #0
(41DB) 0C02  0000110000000010 ( 564)                 BRNZ  HWin
(41DC) 5920  0101100100100000 ( 565)                 AND   R4 R4 #0
(41DD) 0E02  0000111000000010 ( 566)                 BRNZP BBack
(41DE) 5920  0101100100100000 ( 567) HWin            AND   R4 R4 #0
(41DF) 1921  0001100100100001 ( 568)                 ADD   R4 R4 #1
(41E0) 2007  0010000000000111 ( 569) BBack           LD    R0 R0HOLD
(41E1) 2208  0010001000001000 ( 570)                 LD    R1 R1HOLD
(41E2) 2408  0010010000001000 ( 571)                 LD    R2 R2HOLD
(41E3) 2608  0010011000001000 ( 572)                 LD    R3 R3HOLD
(41E4) 2A09  0010101000001001 ( 573)                 LD    R5 R5HOLD
(41E5) 2C09  0010110000001001 ( 574)                 LD    R6 R6HOLD
(41E6) 2E09  0010111000001001 ( 575)                 LD    R7 R7HOLD
(41E7) C1C0  1100000111000000 ( 576)                 RET   
(41E8) 0000  0000000000000000 ( 578) R0HOLD          .FILL x0000
(41E9) 0000  0000000000000000 ( 579) R0HOLD2         .FILL x0000
(41EA) 0000  0000000000000000 ( 580) R1HOLD          .FILL x0000
(41EB) 0000  0000000000000000 ( 581) R2HOLD          .FILL x0000
(41EC) 0000  0000000000000000 ( 582) R3HOLD          .FILL x0000
(41ED) 0000  0000000000000000 ( 583) R4HOLD          .FILL x0000
(41EE) 0000  0000000000000000 ( 584) R5HOLD          .FILL x0000
(41EF) 0000  0000000000000000 ( 585) R6HOLD          .FILL x0000
(41F0) 0000  0000000000000000 ( 586) R7HOLD          .FILL x0000
(41F1) 0058  0000000001011000 ( 586) ASCIIx          .FILL x0058
(41F2) 004F  0000000001001111 ( 587) ASCIIo          .FILL x004F
(41F3) 002D  0000000000101101 ( 588) ASCIId          .FILL x002D
(41F4) 3226  0011001000100110 ( 599) CHECK_VERTICAL  ST    R1 HOLDR1
(41F5) 3426  0011010000100110 ( 600)                 ST    R2 HOLDR2
(41F6) 3626  0011011000100110 ( 601)                 ST    R3 HOLDR3
(41F7) 3827  0011100000100111 ( 602)                 ST    R4 HOLDR4
(41F8) 3A27  0011101000100111 ( 603)                 ST    R5 HOLDR5
(41F9) 3C27  0011110000100111 ( 604)                 ST    R6 HOLDR6
(41FA) 3E27  0011111000100111 ( 605)                 ST    R7 HOLDR7
(41FB) 56E0  0101011011100000 ( 606)                 AND   R3 R3 #0
(41FC) 16E3  0001011011100011 ( 607)                 ADD   R3 R3 #3
(41FD) 4F9E  0100111110011110 ( 608)                 JSR   BOARD_ADDRESS
(41FE) 31EA  0011000111101010 ( 609)                 ST    R0 R0HOLD2
(41FF) 6200  0110001000000000 ( 610)                 LDR   R1 R0 #0
(4200) 927F  1001001001111111 ( 611)                 NOT   R1 R1
(4201) 1261  0001001001100001 ( 612)                 ADD   R1 R1 #1
(4202) 1B61  0001101101100001 ( 613) CheckV          ADD   R5 R5 #1
(4203) 1027  0001000000100111 ( 614)                 ADD   R0 R0 #7
(4204) 1960  0001100101100000 ( 615)                 ADD   R4 R5 #0
(4205) 193A  0001100100111010 ( 616)                 ADD   R4 R4 #-6
(4206) 0205  0000001000000101 ( 617)                 BRP   CheckK
(4207) 6400  0110010000000000 ( 618)                 LDR   R2 R0 #0
(4208) 1E81  0001111010000001 ( 619)                 ADD   R7 R2 R1
(4209) 0A02  0000101000000010 ( 620)                 BRNP  CheckK
(420A) 16FF  0001011011111111 ( 621)                 ADD   R3 R3 #-1
(420B) 0FF6  0000111111110110 ( 622)                 BRNZP CheckV
(420C) 16E0  0001011011100000 ( 623) CheckK          ADD   R3 R3 #0
(420D) 0C02  0000110000000010 ( 624)                 BRNZ  VWin
(420E) 5920  0101100100100000 ( 625)                 AND   R4 R4 #0
(420F) 0E02  0000111000000010 ( 626)                 BRNZP MBack
(4210) 5920  0101100100100000 ( 627) VWin            AND   R4 R4 #0
(4211) 1921  0001100100100001 ( 628)                 ADD   R4 R4 #1
(4212) 2007  0010000000000111 ( 629) MBack           LD    R0 HOLDR0
(4213) 2207  0010001000000111 ( 630)                 LD    R1 HOLDR1
(4214) 2407  0010010000000111 ( 631)                 LD    R2 HOLDR2
(4215) 2607  0010011000000111 ( 632)                 LD    R3 HOLDR3
(4216) 2A09  0010101000001001 ( 633)                 LD    R5 HOLDR5
(4217) 2C09  0010110000001001 ( 634)                 LD    R6 HOLDR6
(4218) 2E09  0010111000001001 ( 635)                 LD    R7 HOLDR7
(4219) C1C0  1100000111000000 ( 636)                 RET   
(421A) 0000  0000000000000000 ( 638) HOLDR0          .FILL x0000
(421B) 0000  0000000000000000 ( 639) HOLDR1          .FILL x0000
(421C) 0000  0000000000000000 ( 640) HOLDR2          .FILL x0000
(421D) 0000  0000000000000000 ( 641) HOLDR3          .FILL x0000
(421E) 0000  0000000000000000 ( 642) R3Save          .FILL x0000
(421F) 0000  0000000000000000 ( 643) HOLDR4          .FILL x0000
(4220) 0000  0000000000000000 ( 644) HOLDR5          .FILL x0000
(4221) 0000  0000000000000000 ( 645) HOLDR6          .FILL x0000
(4222) 0000  0000000000000000 ( 655) HOLDR7          .FILL x0000
(4223) 3810  0011100000010000 ( 656) CHECK_DIAGONALS ST    R4 STAYR4
(4224) 3E10  0011111000010000 ( 657)                 ST    R7 STAYR7
(4225) 4811  0100100000010001 ( 658)                 JSR   CHECK_D1
(4226) 1920  0001100100100000 ( 659)                 ADD   R4 R4 #0
(4227) 0206  0000001000000110 ( 660)                 BRP   D1Win
(4228) 0C00  0000110000000000 ( 661)                 BRNZ  D2Time
(4229) 3E0C  0011111000001100 ( 662) D2Time          ST    R7 NSTAYR7
(422A) 484E  0100100001001110 ( 663)                 JSR   CHECK_D2
(422B) 1920  0001100100100000 ( 664)                 ADD   R4 R4 #0
(422C) 0203  0000001000000011 ( 665)                 BRP   D2Go
(422D) 0C04  0000110000000100 ( 666)                 BRNZ  Refresh
(422E) 5920  0101100100100000 ( 667) D1Win           AND   R4 R4 #0
(422F) 1921  0001100100100001 ( 668)                 ADD   R4 R4 #1
(4230) 5920  0101100100100000 ( 669) D2Go            AND   R4 R4 #0
(4231) 1921  0001100100100001 ( 670)                 ADD   R4 R4 #1
(4232) 2E02  0010111000000010 ( 671) Refresh         LD    R7 STAYR7
(4233) C1C0  1100000111000000 ( 672)                 RET   
(4234) 0000  0000000000000000 ( 674) STAYR4          .FILL x0000
(4235) 0000  0000000000000000 ( 675) STAYR7          .FILL x0000
(4236) 0000  0000000000000000 ( 684) NSTAYR7         .FILL x0000
(4237) 3038  0011000000111000 ( 685) CHECK_D1        ST    R0 PLACER0
(4238) 3238  0011001000111000 ( 686)                 ST    R1 PLACER1
(4239) 3438  0011010000111000 ( 687)                 ST    R2 PLACER2
(423A) 3638  0011011000111000 ( 688)                 ST    R3 PLACER3
(423B) 3838  0011100000111000 ( 689)                 ST    R4 PLACER4
(423C) 3A38  0011101000111000 ( 690)                 ST    R5 PLACER5
(423D) 3C38  0011110000111000 ( 691)                 ST    R6 PLACER6
(423E) 3E38  0011111000111000 ( 692)                 ST    R7 PLACER7
(423F) 56E0  0101011011100000 ( 693)                 AND   R3 R3 #0
(4240) 16E3  0001011011100011 ( 694)                 ADD   R3 R3 #3
(4241) 4F5A  0100111101011010 ( 695)                 JSR   BOARD_ADDRESS
(4242) 3035  0011000000110101 ( 696)                 ST    R0 NHOLDR0
(4243) 6200  0110001000000000 ( 697)                 LDR   R1 R0 #0
(4244) 927F  1001001001111111 ( 698)                 NOT   R1 R1
(4245) 1261  0001001001100001 ( 699)                 ADD   R1 R1 #1
(4246) 103A  0001000000111010 ( 700) CHECKur         ADD   R0 R0 #-6
(4247) 1B7F  0001101101111111 ( 701)                 ADD   R5 R5 #-1
(4248) 1DA1  0001110110100001 ( 702)                 ADD   R6 R6 #1
(4249) 19A0  0001100110100000 ( 703)                 ADD   R4 R6 #0
(424A) 193A  0001100100111010 ( 704)                 ADD   R4 R4 #-6
(424B) 0207  0000001000000111 ( 705)                 BRP   GoOn
(424C) 1F60  0001111101100000 ( 706)                 ADD   R7 R5 #0
(424D) 0C05  0000110000000101 ( 707)                 BRNZ  GoOn
(424E) 6400  0110010000000000 ( 708)                 LDR   R2 R0 #0
(424F) 1481  0001010010000001 ( 709)                 ADD   R2 R2 R1
(4250) 0A02  0000101000000010 ( 710)                 BRNP  GoOn
(4251) 16FF  0001011011111111 ( 711)                 ADD   R3 R3 #-1
(4252) 0FF3  0000111111110011 ( 712)                 BRNZP CHECKur
(4253) 2C22  0010110000100010 ( 713) GoOn            LD    R6 PLACER6
(4254) 2A20  0010101000100000 ( 714)                 LD    R5 PLACER5
(4255) 2022  0010000000100010 ( 715)                 LD    R0 NHOLDR0
(4256) 1026  0001000000100110 ( 716) CHECKdl         ADD   R0 R0 #6
(4257) 1B61  0001101101100001 ( 717)                 ADD   R5 R5 #1
(4258) 1DBF  0001110110111111 ( 718)                 ADD   R6 R6 #-1
(4259) 0C08  0000110000001000 ( 719)                 BRNZ  DCheck
(425A) 1960  0001100101100000 ( 720)                 ADD   R4 R5 #0
(425B) 193A  0001100100111010 ( 721)                 ADD   R4 R4 #-6
(425C) 0205  0000001000000101 ( 722)                 BRP   DCheck
(425D) 6400  0110010000000000 ( 723)                 LDR   R2 R0 #0
(425E) 1481  0001010010000001 ( 724)                 ADD   R2 R2 R1
(425F) 0A02  0000101000000010 ( 725)                 BRNP  DCheck
(4260) 16FF  0001011011111111 ( 726)                 ADD   R3 R3 #-1
(4261) 0FF4  0000111111110100 ( 727)                 BRNZP CHECKdl
(4262) 16E0  0001011011100000 ( 728) DCheck          ADD   R3 R3 #0
(4263) 0C02  0000110000000010 ( 729)                 BRNZ  DWin
(4264) 5920  0101100100100000 ( 730)                 AND   R4 R4 #0
(4265) 0E02  0000111000000010 ( 731)                 BRNZP BeBack
(4266) 5920  0101100100100000 ( 732) DWin            AND   R4 R4 #0
(4267) 1921  0001100100100001 ( 733)                 ADD   R4 R4 #1
(4268) 2007  0010000000000111 ( 734) BeBack          LD    R0 PLACER0
(4269) 2207  0010001000000111 ( 735)                 LD    R1 PLACER1
(426A) 2407  0010010000000111 ( 736)                 LD    R2 PLACER2
(426B) 2607  0010011000000111 ( 737)                 LD    R3 PLACER3
(426C) 2A08  0010101000001000 ( 738)                 LD    R5 PLACER5
(426D) 2C08  0010110000001000 ( 739)                 LD    R6 PLACER6
(426E) 2E08  0010111000001000 ( 740)                 LD    R7 PLACER7
(426F) C1C0  1100000111000000 ( 741)                 RET   
(4270) 0000  0000000000000000 ( 743) PLACER0         .FILL x0000
(4271) 0000  0000000000000000 ( 744) PLACER1         .FILL x0000
(4272) 0000  0000000000000000 ( 745) PLACER2         .FILL x0000
(4273) 0000  0000000000000000 ( 746) PLACER3         .FILL x0000
(4274) 0000  0000000000000000 ( 747) PLACER4         .FILL x0000
(4275) 0000  0000000000000000 ( 748) PLACER5         .FILL x0000
(4276) 0000  0000000000000000 ( 749) PLACER6         .FILL x0000
(4277) 0000  0000000000000000 ( 750) PLACER7         .FILL x0000
(4278) 0000  0000000000000000 ( 759) NHOLDR0         .FILL x0000
(4279) 3038  0011000000111000 ( 760) CHECK_D2        ST    R0 HOMER0
(427A) 3238  0011001000111000 ( 761)                 ST    R1 HOMER1
(427B) 3438  0011010000111000 ( 762)                 ST    R2 HOMER2
(427C) 3638  0011011000111000 ( 763)                 ST    R3 HOMER3
(427D) 3838  0011100000111000 ( 764)                 ST    R4 HOMER4
(427E) 3A38  0011101000111000 ( 765)                 ST    R5 HOMER5
(427F) 3C38  0011110000111000 ( 766)                 ST    R6 HOMER6
(4280) 3E38  0011111000111000 ( 767)                 ST    R7 HOMER7
(4281) 56E0  0101011011100000 ( 768)                 AND   R3 R3 #0
(4282) 16E3  0001011011100011 ( 769)                 ADD   R3 R3 #3
(4283) 4F18  0100111100011000 ( 770)                 JSR   BOARD_ADDRESS
(4284) 3035  0011000000110101 ( 771)                 ST    R0 NHOMER0
(4285) 6200  0110001000000000 ( 772)                 LDR   R1 R0 #0
(4286) 927F  1001001001111111 ( 773)                 NOT   R1 R1
(4287) 1261  0001001001100001 ( 774)                 ADD   R1 R1 #1
(4288) 1038  0001000000111000 ( 775) CheckUL         ADD   R0 R0 #-8
(4289) 1B7F  0001101101111111 ( 776)                 ADD   R5 R5 #-1
(428A) 1DBF  0001110110111111 ( 777)                 ADD   R6 R6 #-1
(428B) 19A0  0001100110100000 ( 778)                 ADD   R4 R6 #0
(428C) 193A  0001100100111010 ( 779)                 ADD   R4 R4 #-6
(428D) 0207  0000001000000111 ( 780)                 BRP   Advance
(428E) 1F60  0001111101100000 ( 781)                 ADD   R7 R5 #0
(428F) 0C05  0000110000000101 ( 782)                 BRNZ  Advance
(4290) 6400  0110010000000000 ( 783)                 LDR   R2 R0 #0
(4291) 1481  0001010010000001 ( 784)                 ADD   R2 R2 R1
(4292) 0A02  0000101000000010 ( 785)                 BRNP  Advance
(4293) 16FF  0001011011111111 ( 786)                 ADD   R3 R3 #-1
(4294) 0FF3  0000111111110011 ( 787)                 BRNZP CheckUL
(4295) 2C22  0010110000100010 ( 788) Advance         LD    R6 HOMER6
(4296) 2A20  0010101000100000 ( 789)                 LD    R5 HOMER5
(4297) 2022  0010000000100010 ( 790)                 LD    R0 NHOMER0
(4298) 1028  0001000000101000 ( 791) CheckDR         ADD   R0 R0 #8
(4299) 1B61  0001101101100001 ( 792)                 ADD   R5 R5 #1
(429A) 1DA1  0001110110100001 ( 793)                 ADD   R6 R6 #1
(429B) 0C08  0000110000001000 ( 794)                 BRNZ  D2Check
(429C) 1960  0001100101100000 ( 795)                 ADD   R4 R5 #0
(429D) 193A  0001100100111010 ( 796)                 ADD   R4 R4 #-6
(429E) 0205  0000001000000101 ( 797)                 BRP   D2Check
(429F) 6400  0110010000000000 ( 798)                 LDR   R2 R0 #0
(42A0) 1481  0001010010000001 ( 799)                 ADD   R2 R2 R1
(42A1) 0A02  0000101000000010 ( 800)                 BRNP  D2Check
(42A2) 16FF  0001011011111111 ( 801)                 ADD   R3 R3 #-1
(42A3) 0FF4  0000111111110100 ( 802)                 BRNZP CheckDR
(42A4) 16E0  0001011011100000 ( 803) D2Check         ADD   R3 R3 #0
(42A5) 0C02  0000110000000010 ( 804)                 BRNZ  D2Win
(42A6) 5920  0101100100100000 ( 805)                 AND   R4 R4 #0
(42A7) 0E02  0000111000000010 ( 806)                 BRNZP Backup
(42A8) 5920  0101100100100000 ( 807) D2Win           AND   R4 R4 #0
(42A9) 1921  0001100100100001 ( 808)                 ADD   R4 R4 #1
(42AA) 2007  0010000000000111 ( 809) Backup          LD    R0 HOMER0
(42AB) 2207  0010001000000111 ( 810)                 LD    R1 HOMER1
(42AC) 2407  0010010000000111 ( 811)                 LD    R2 HOMER2
(42AD) 2607  0010011000000111 ( 812)                 LD    R3 HOMER3
(42AE) 2A08  0010101000001000 ( 813)                 LD    R5 HOMER5
(42AF) 2C08  0010110000001000 ( 814)                 LD    R6 HOMER6
(42B0) 2E08  0010111000001000 ( 815)                 LD    R7 HOMER7
(42B1) C1C0  1100000111000000 ( 816)                 RET   
(42B2) 0000  0000000000000000 ( 818) HOMER0          .FILL x0000
(42B3) 0000  0000000000000000 ( 819) HOMER1          .FILL x0000
(42B4) 0000  0000000000000000 ( 820) HOMER2          .FILL x0000
(42B5) 0000  0000000000000000 ( 821) HOMER3          .FILL x0000
(42B6) 0000  0000000000000000 ( 822) HOMER4          .FILL x0000
(42B7) 0000  0000000000000000 ( 823) HOMER5          .FILL x0000
(42B8) 0000  0000000000000000 ( 824) HOMER6          .FILL x0000
(42B9) 0000  0000000000000000 ( 825) HOMER7          .FILL x0000
(42BA) 0000  0000000000000000 ( 828) NHOMER0         .FILL x0000
(42BB) F025  1111000000100101 ( 828) AYY             TRAP  x25
